<?xml version="1.0" encoding="UTF-8"?>
<!-- Generated by org.testng.reporters.JUnitReportReporter -->
<testsuite hostname="1s-MacBook-Pro" name="SimpleTest" tests="1" failures="0" timestamp="8 Apr 2017 16:13:24 GMT" time="0.009" errors="0">
  <testcase name="testCreateFileNegative" time="0.009" classname="SimpleTest"/>
</testsuite> <!-- SimpleTest -->
