<?xml version="1.0" encoding="UTF-8"?>
<!-- Generated by org.testng.reporters.JUnitReportReporter -->
<testsuite hostname="1s-MacBook-Pro" name="SimpleTest" tests="3" failures="0" timestamp="20 Mar 2017 15:49:49 GMT" time="0.141" errors="0">
  <testcase name="testMethod3" time="0.000" classname="SimpleTest"/>
  <testcase name="testMethod2" time="0.133" classname="SimpleTest"/>
  <testcase name="testMethod1" time="0.008" classname="SimpleTest"/>
</testsuite> <!-- SimpleTest -->
